<?xml version="1.0" encoding="UTF-8"?>
<!-- Generated by org.testng.reporters.JUnitXMLReporter -->
<testsuite hostname="OJAS-DD57" ignored="0" name="Default test" tests="16" failures="0" timestamp="2020-01-06T12:52:55 IST" time="315.234" errors="0">
  <testcase name="setUpEventModel" time="7.486" classname="com.PigeonHole.RegressionScripts.PigeonHole_CreateQuizSessions"/>
  <testcase name="createSessionWithPollQuestions" time="67.274" classname="com.PigeonHole.RegressionScripts.PigeonHole_CreateQuizSessions"/>
  <testcase name="startSession" time="20.482" classname="com.PigeonHole.RegressionScripts.PigeonHole_CreateQuizSessions"/>
  <testcase name="selectAdminPanel" time="22.371" classname="com.PigeonHole.RegressionScripts.PigeonHole_CreateQuizSessions"/>
  <testcase name="selectProjectorPanel" time="20.416" classname="com.PigeonHole.RegressionScripts.PigeonHole_CreateQuizSessions"/>
  <testcase name="clickCastYourVote" time="14.319" classname="com.PigeonHole.RegressionScripts.PigeonHole_CreateQuizSessions"/>
  <testcase name="seeOneParticipant" time="6.217" classname="com.PigeonHole.RegressionScripts.PigeonHole_CreateQuizSessions"/>
  <testcase name="shouldSeeCountdown" time="8.225" classname="com.PigeonHole.RegressionScripts.PigeonHole_CreateQuizSessions"/>
  <testcase name="imageToEnlarge" time="8.208" classname="com.PigeonHole.RegressionScripts.PigeonHole_CreateQuizSessions"/>
  <testcase name="leaderboardScreen" time="28.288" classname="com.PigeonHole.RegressionScripts.PigeonHole_CreateQuizSessions"/>
  <testcase name="checkTheScore" time="4.145" classname="com.PigeonHole.RegressionScripts.PigeonHole_CreateQuizSessions"/>
  <testcase name="quizPaused" time="2.094" classname="com.PigeonHole.RegressionScripts.PigeonHole_CreateQuizSessions"/>
  <testcase name="clickResumeButton" time="4.121" classname="com.PigeonHole.RegressionScripts.PigeonHole_CreateQuizSessions"/>
  <testcase name="shouldSeeWellDoneAndSorryText" time="65.149" classname="com.PigeonHole.RegressionScripts.PigeonHole_CreateQuizSessions"/>
  <testcase name="seeScoreInAdminPanel" time="9.122" classname="com.PigeonHole.RegressionScripts.PigeonHole_CreateQuizSessions"/>
  <testcase name="seeScoreInProjectorPanel" time="11.168" classname="com.PigeonHole.RegressionScripts.PigeonHole_CreateQuizSessions"/>
</testsuite> <!-- Default test -->
