<?xml version="1.0" encoding="UTF-8"?>
<testng-results skipped="0" failed="0" ignored="0" total="0" passed="0">
  <reporter-output>
  </reporter-output>
  <suite name="com.PigeonHole.RegressionScripts.PigeonHole_HomePageTest" duration-ms="3" started-at="2019-12-27T05:51:44Z" finished-at="2019-12-27T05:51:44Z">
    <groups>
    </groups>
    <test name="Command line test" duration-ms="3" started-at="2019-12-27T05:51:44Z" finished-at="2019-12-27T05:51:44Z">
    </test> <!-- Command line test -->
  </suite> <!-- com.PigeonHole.RegressionScripts.PigeonHole_HomePageTest -->
</testng-results>
