<?xml version="1.0" encoding="UTF-8"?>
<testng-results skipped="0" failed="0" ignored="0" total="20" passed="20">
  <reporter-output>
  </reporter-output>
  <suite name="Default suite" duration-ms="110320" started-at="2020-01-03T09:36:04Z" finished-at="2020-01-03T09:37:54Z">
    <groups>
    </groups>
    <test name="Default test" duration-ms="110320" started-at="2020-01-03T09:36:04Z" finished-at="2020-01-03T09:37:54Z">
      <class name="com.PigeonHole.RegressionScripts.PigeonHole_QA_Test">
        <test-method status="PASS" signature="init()[pri:0, instance:com.PigeonHole.RegressionScripts.PigeonHole_QA_Test@4a183d02]" name="init" is-config="true" duration-ms="17217" started-at="2020-01-03T09:36:04Z" finished-at="2020-01-03T09:36:21Z">
          <reporter-output>
          </reporter-output>
        </test-method> <!-- init -->
        <test-method status="PASS" signature="m1()[pri:1, instance:com.PigeonHole.RegressionScripts.PigeonHole_QA_Test@4a183d02]" name="m1" duration-ms="6734" started-at="2020-01-03T09:36:21Z" finished-at="2020-01-03T09:36:28Z">
          <reporter-output>
          </reporter-output>
        </test-method> <!-- m1 -->
        <test-method status="PASS" signature="m2()[pri:2, instance:com.PigeonHole.RegressionScripts.PigeonHole_QA_Test@4a183d02]" name="m2" duration-ms="11299" started-at="2020-01-03T09:36:28Z" finished-at="2020-01-03T09:36:39Z">
          <reporter-output>
          </reporter-output>
        </test-method> <!-- m2 -->
        <test-method status="PASS" signature="m3()[pri:3, instance:com.PigeonHole.RegressionScripts.PigeonHole_QA_Test@4a183d02]" name="m3" duration-ms="10438" started-at="2020-01-03T09:36:39Z" finished-at="2020-01-03T09:36:50Z">
          <reporter-output>
          </reporter-output>
        </test-method> <!-- m3 -->
        <test-method status="PASS" signature="m4()[pri:4, instance:com.PigeonHole.RegressionScripts.PigeonHole_QA_Test@4a183d02]" name="m4" duration-ms="10330" started-at="2020-01-03T09:36:50Z" finished-at="2020-01-03T09:37:00Z">
          <reporter-output>
          </reporter-output>
        </test-method> <!-- m4 -->
        <test-method status="PASS" signature="m5()[pri:5, instance:com.PigeonHole.RegressionScripts.PigeonHole_QA_Test@4a183d02]" name="m5" duration-ms="4287" started-at="2020-01-03T09:37:00Z" finished-at="2020-01-03T09:37:04Z">
          <reporter-output>
          </reporter-output>
        </test-method> <!-- m5 -->
        <test-method status="PASS" signature="m6()[pri:6, instance:com.PigeonHole.RegressionScripts.PigeonHole_QA_Test@4a183d02]" name="m6" duration-ms="15533" started-at="2020-01-03T09:37:04Z" finished-at="2020-01-03T09:37:20Z">
          <reporter-output>
          </reporter-output>
        </test-method> <!-- m6 -->
        <test-method status="PASS" signature="m7()[pri:7, instance:com.PigeonHole.RegressionScripts.PigeonHole_QA_Test@4a183d02]" name="m7" duration-ms="2125" started-at="2020-01-03T09:37:20Z" finished-at="2020-01-03T09:37:22Z">
          <reporter-output>
          </reporter-output>
        </test-method> <!-- m7 -->
        <test-method status="PASS" signature="m8()[pri:8, instance:com.PigeonHole.RegressionScripts.PigeonHole_QA_Test@4a183d02]" name="m8" duration-ms="6613" started-at="2020-01-03T09:37:22Z" finished-at="2020-01-03T09:37:29Z">
          <reporter-output>
          </reporter-output>
        </test-method> <!-- m8 -->
        <test-method status="PASS" signature="m9()[pri:9, instance:com.PigeonHole.RegressionScripts.PigeonHole_QA_Test@4a183d02]" name="m9" duration-ms="2087" started-at="2020-01-03T09:37:29Z" finished-at="2020-01-03T09:37:31Z">
          <reporter-output>
          </reporter-output>
        </test-method> <!-- m9 -->
        <test-method status="PASS" signature="m10()[pri:10, instance:com.PigeonHole.RegressionScripts.PigeonHole_QA_Test@4a183d02]" name="m10" duration-ms="2142" started-at="2020-01-03T09:37:31Z" finished-at="2020-01-03T09:37:33Z">
          <reporter-output>
          </reporter-output>
        </test-method> <!-- m10 -->
        <test-method status="PASS" signature="m11()[pri:11, instance:com.PigeonHole.RegressionScripts.PigeonHole_QA_Test@4a183d02]" name="m11" duration-ms="2165" started-at="2020-01-03T09:37:33Z" finished-at="2020-01-03T09:37:35Z">
          <reporter-output>
          </reporter-output>
        </test-method> <!-- m11 -->
        <test-method status="PASS" signature="m12()[pri:12, instance:com.PigeonHole.RegressionScripts.PigeonHole_QA_Test@4a183d02]" name="m12" duration-ms="2128" started-at="2020-01-03T09:37:35Z" finished-at="2020-01-03T09:37:37Z">
          <reporter-output>
          </reporter-output>
        </test-method> <!-- m12 -->
        <test-method status="PASS" signature="m13()[pri:13, instance:com.PigeonHole.RegressionScripts.PigeonHole_QA_Test@4a183d02]" name="m13" duration-ms="2159" started-at="2020-01-03T09:37:37Z" finished-at="2020-01-03T09:37:39Z">
          <reporter-output>
          </reporter-output>
        </test-method> <!-- m13 -->
        <test-method status="PASS" signature="m14()[pri:14, instance:com.PigeonHole.RegressionScripts.PigeonHole_QA_Test@4a183d02]" name="m14" duration-ms="2117" started-at="2020-01-03T09:37:39Z" finished-at="2020-01-03T09:37:41Z">
          <reporter-output>
          </reporter-output>
        </test-method> <!-- m14 -->
        <test-method status="PASS" signature="m15()[pri:15, instance:com.PigeonHole.RegressionScripts.PigeonHole_QA_Test@4a183d02]" name="m15" duration-ms="2110" started-at="2020-01-03T09:37:41Z" finished-at="2020-01-03T09:37:43Z">
          <reporter-output>
          </reporter-output>
        </test-method> <!-- m15 -->
        <test-method status="PASS" signature="m16()[pri:16, instance:com.PigeonHole.RegressionScripts.PigeonHole_QA_Test@4a183d02]" name="m16" duration-ms="2149" started-at="2020-01-03T09:37:43Z" finished-at="2020-01-03T09:37:46Z">
          <reporter-output>
          </reporter-output>
        </test-method> <!-- m16 -->
        <test-method status="PASS" signature="m17()[pri:17, instance:com.PigeonHole.RegressionScripts.PigeonHole_QA_Test@4a183d02]" name="m17" duration-ms="726" started-at="2020-01-03T09:37:46Z" finished-at="2020-01-03T09:37:46Z">
          <reporter-output>
          </reporter-output>
        </test-method> <!-- m17 -->
        <test-method status="PASS" signature="m18()[pri:18, instance:com.PigeonHole.RegressionScripts.PigeonHole_QA_Test@4a183d02]" name="m18" duration-ms="2779" started-at="2020-01-03T09:37:46Z" finished-at="2020-01-03T09:37:49Z">
          <reporter-output>
          </reporter-output>
        </test-method> <!-- m18 -->
        <test-method status="PASS" signature="m19()[pri:19, instance:com.PigeonHole.RegressionScripts.PigeonHole_QA_Test@4a183d02]" name="m19" duration-ms="2162" started-at="2020-01-03T09:37:49Z" finished-at="2020-01-03T09:37:51Z">
          <reporter-output>
          </reporter-output>
        </test-method> <!-- m19 -->
        <test-method status="PASS" signature="m20()[pri:20, instance:com.PigeonHole.RegressionScripts.PigeonHole_QA_Test@4a183d02]" name="m20" duration-ms="2977" started-at="2020-01-03T09:37:51Z" finished-at="2020-01-03T09:37:54Z">
          <reporter-output>
          </reporter-output>
        </test-method> <!-- m20 -->
      </class> <!-- com.PigeonHole.RegressionScripts.PigeonHole_QA_Test -->
    </test> <!-- Default test -->
  </suite> <!-- Default suite -->
</testng-results>
